<?xml version="1.0" encoding="UTF-8"?>
<!-- Generated by org.testng.reporters.JUnitReportReporter -->
<testsuite skipped="0" hostname="krishnaN-L" name="com.practice.runner.TestRunner" tests="2" failures="0" timestamp="2023-06-24T19:31:46 IST" time="10.451" errors="1">
  <testcase name="runScenario" time="4.466" classname="com.practice.runner.TestRunner"/>
  <system-out/>
  <testcase name="runScenario" time="5.985" classname="com.practice.runner.TestRunner">
    <error type="org.openqa.selenium.ElementClickInterceptedException" message="element click intercepted: Element &lt;button type=&quot;submit&quot; class=&quot;btn btn-primary Signup_button_arjust__SQlQE&quot; disabled=&quot;&quot;&gt;...&lt;/button&gt; is not clickable at point (922, 735). Other element would receive the click: &lt;div class=&quot;d-grid gap-2&quot;&gt;...&lt;/div&gt;
  (Session info: chrome=114.0.5735.133)
Build info: version: &#039;4.10.0&#039;, revision: &#039;c14d967899&#039;
System info: os.name: &#039;Linux&#039;, os.arch: &#039;amd64&#039;, os.version: &#039;5.4.0-150-generic&#039;, java.version: &#039;1.8.0_362&#039;
Driver info: org.openqa.selenium.chrome.ChromeDriver
Command: [c922f00921c0770616fe0d0f9a1de98d, clickElement {id=437CAD55BB26A84007286CF6B20AF244_element_53}]
Capabilities {acceptInsecureCerts: false, browserName: chrome, browserVersion: 114.0.5735.133, chrome: {chromedriverVersion: 114.0.5735.90 (386bc09e8f4f..., userDataDir: /tmp/.com.google.Chrome.0UHDHg}, goog:chromeOptions: {debuggerAddress: localhost:33753}, networkConnectionEnabled: false, pageLoadStrategy: normal, platformName: linux, proxy: Proxy(), se:cdp: ws://localhost:33753/devtoo..., se:cdpVersion: 114.0.5735.133, setWindowRect: true, strictFileInteractability: false, timeouts: {implicit: 0, pageLoad: 300000, script: 30000}, unhandledPromptBehavior: dismiss and notify, webauthn:extension:credBlob: true, webauthn:extension:largeBlob: true, webauthn:extension:minPinLength: true, webauthn:extension:prf: true, webauthn:virtualAuthenticators: true}
Element: [[ChromeDriver: chrome on linux (c922f00921c0770616fe0d0f9a1de98d)] -&gt; xpath: //button[@type = &#039;submit&#039; and text() = &#039;Submit&#039;]]
Session ID: c922f00921c0770616fe0d0f9a1de98d">
      <![CDATA[org.openqa.selenium.ElementClickInterceptedException: element click intercepted: Element <button type="submit" class="btn btn-primary Signup_button_arjust__SQlQE" disabled="">...</button> is not clickable at point (922, 735). Other element would receive the click: <div class="d-grid gap-2">...</div>
  (Session info: chrome=114.0.5735.133)
Build info: version: '4.10.0', revision: 'c14d967899'
System info: os.name: 'Linux', os.arch: 'amd64', os.version: '5.4.0-150-generic', java.version: '1.8.0_362'
Driver info: org.openqa.selenium.chrome.ChromeDriver
Command: [c922f00921c0770616fe0d0f9a1de98d, clickElement {id=437CAD55BB26A84007286CF6B20AF244_element_53}]
Capabilities {acceptInsecureCerts: false, browserName: chrome, browserVersion: 114.0.5735.133, chrome: {chromedriverVersion: 114.0.5735.90 (386bc09e8f4f..., userDataDir: /tmp/.com.google.Chrome.0UHDHg}, goog:chromeOptions: {debuggerAddress: localhost:33753}, networkConnectionEnabled: false, pageLoadStrategy: normal, platformName: linux, proxy: Proxy(), se:cdp: ws://localhost:33753/devtoo..., se:cdpVersion: 114.0.5735.133, setWindowRect: true, strictFileInteractability: false, timeouts: {implicit: 0, pageLoad: 300000, script: 30000}, unhandledPromptBehavior: dismiss and notify, webauthn:extension:credBlob: true, webauthn:extension:largeBlob: true, webauthn:extension:minPinLength: true, webauthn:extension:prf: true, webauthn:virtualAuthenticators: true}
Element: [[ChromeDriver: chrome on linux (c922f00921c0770616fe0d0f9a1de98d)] -> xpath: //button[@type = 'submit' and text() = 'Submit']]
Session ID: c922f00921c0770616fe0d0f9a1de98d
at sun.reflect.NativeConstructorAccessorImpl.newInstance0(Native Method)
at sun.reflect.NativeConstructorAccessorImpl.newInstance(NativeConstructorAccessorImpl.java:62)
at sun.reflect.DelegatingConstructorAccessorImpl.newInstance(DelegatingConstructorAccessorImpl.java:45)
at java.lang.reflect.Constructor.newInstance(Constructor.java:423)
at org.openqa.selenium.remote.codec.w3c.W3CHttpResponseCodec.createException(W3CHttpResponseCodec.java:199)
at org.openqa.selenium.remote.codec.w3c.W3CHttpResponseCodec.decode(W3CHttpResponseCodec.java:132)
at org.openqa.selenium.remote.codec.w3c.W3CHttpResponseCodec.decode(W3CHttpResponseCodec.java:51)
at org.openqa.selenium.remote.HttpCommandExecutor.execute(HttpCommandExecutor.java:191)
at org.openqa.selenium.remote.service.DriverCommandExecutor.invokeExecute(DriverCommandExecutor.java:196)
at org.openqa.selenium.remote.service.DriverCommandExecutor.execute(DriverCommandExecutor.java:171)
at org.openqa.selenium.remote.RemoteWebDriver.execute(RemoteWebDriver.java:531)
at org.openqa.selenium.remote.RemoteWebElement.execute(RemoteWebElement.java:242)
at org.openqa.selenium.remote.RemoteWebElement.click(RemoteWebElement.java:77)
at sun.reflect.GeneratedMethodAccessor20.invoke(Unknown Source)
at sun.reflect.DelegatingMethodAccessorImpl.invoke(DelegatingMethodAccessorImpl.java:43)
at java.lang.reflect.Method.invoke(Method.java:498)
at org.openqa.selenium.support.pagefactory.internal.LocatingElementHandler.invoke(LocatingElementHandler.java:51)
at com.sun.proxy.$Proxy26.click(Unknown Source)
at com.practice.pages.LoginPage.clickOnSubmitButton(LoginPage.java:42)
at com.practice.stepdefs.PatientRegistrationPageStepDef.I_clicked_on_the_Submit_login_button(PatientRegistrationPageStepDef.java:84)
at âœ½.I clicked on the Submit login button(file:///home/krishna/mPulseWorkspace/practice/src/test/resources/features/patientRegistrationpage.feature:17)
]]>
    </error>
  </testcase> <!-- runScenario -->
  <system-out/>
</testsuite> <!-- com.practice.runner.TestRunner -->
